TN:
SF:algorithms/dietaGenerator.js
FN:5,(anonymous_0)
FN:14,(anonymous_1)
FN:25,(anonymous_2)
FN:39,(anonymous_3)
FN:57,(anonymous_4)
FN:112,(anonymous_5)
FN:130,(anonymous_6)
FN:131,(anonymous_7)
FN:149,(anonymous_8)
FN:179,(anonymous_9)
FN:220,(anonymous_10)
FN:225,(anonymous_11)
FN:250,(anonymous_12)
FN:255,(anonymous_13)
FN:298,(anonymous_14)
FN:303,(anonymous_15)
FN:342,(anonymous_16)
FN:347,(anonymous_17)
FN:380,(anonymous_18)
FNF:19
FNH:19
FNDA:24,(anonymous_0)
FNDA:28,(anonymous_1)
FNDA:30,(anonymous_2)
FNDA:27,(anonymous_3)
FNDA:27,(anonymous_4)
FNDA:12,(anonymous_5)
FNDA:60,(anonymous_6)
FNDA:156,(anonymous_7)
FNDA:12,(anonymous_8)
FNDA:12,(anonymous_9)
FNDA:36,(anonymous_10)
FNDA:12,(anonymous_11)
FNDA:12,(anonymous_12)
FNDA:12,(anonymous_13)
FNDA:48,(anonymous_14)
FNDA:12,(anonymous_15)
FNDA:24,(anonymous_16)
FNDA:12,(anonymous_17)
FNDA:36,(anonymous_18)
DA:1,1
DA:6,24
DA:7,24
DA:8,24
DA:9,24
DA:10,24
DA:15,28
DA:17,28
DA:18,25
DA:20,3
DA:26,30
DA:34,30
DA:35,30
DA:40,27
DA:42,27
DA:44,4
DA:46,3
DA:48,20
DA:50,0
DA:52,0
DA:58,27
DA:61,27
DA:63,4
DA:64,4
DA:65,4
DA:66,4
DA:68,3
DA:69,3
DA:70,3
DA:71,3
DA:73,20
DA:74,20
DA:75,20
DA:76,20
DA:78,0
DA:79,0
DA:80,0
DA:83,27
DA:84,27
DA:86,27
DA:87,27
DA:89,27
DA:90,27
DA:92,27
DA:113,12
DA:114,12
DA:130,12
DA:131,60
DA:132,156
DA:133,156
DA:134,156
DA:135,156
DA:140,12
DA:141,12
DA:142,12
DA:143,12
DA:145,12
DA:150,12
DA:158,12
DA:161,12
DA:164,12
DA:167,12
DA:170,12
DA:173,12
DA:175,12
DA:180,12
DA:183,12
DA:184,12
DA:191,12
DA:192,5
DA:193,5
DA:199,7
DA:200,7
DA:208,12
DA:209,12
DA:215,12
DA:220,36
DA:226,12
DA:229,12
DA:230,6
DA:231,6
DA:237,6
DA:238,6
DA:245,12
DA:250,12
DA:256,12
DA:259,12
DA:260,12
DA:261,12
DA:262,12
DA:268,12
DA:269,12
DA:270,12
DA:271,12
DA:277,12
DA:278,12
DA:279,12
DA:280,12
DA:286,12
DA:287,12
DA:293,12
DA:298,48
DA:304,12
DA:307,12
DA:308,8
DA:309,8
DA:315,8
DA:316,8
DA:322,4
DA:323,4
DA:329,4
DA:330,4
DA:337,12
DA:342,24
DA:348,12
DA:351,12
DA:352,12
DA:353,12
DA:354,12
DA:360,12
DA:361,12
DA:368,12
DA:369,12
DA:375,12
DA:380,36
DA:385,1
LF:126
LH:121
BRDA:17,0,0,25
BRDA:17,0,1,3
BRDA:34,1,0,30
BRDA:34,1,1,2
BRDA:42,2,0,4
BRDA:42,2,1,3
BRDA:42,2,2,20
BRDA:42,2,3,0
BRDA:42,2,4,0
BRDA:61,3,0,4
BRDA:61,3,1,3
BRDA:61,3,2,20
BRDA:61,3,3,0
BRDA:191,4,0,5
BRDA:191,4,1,7
BRDA:229,5,0,6
BRDA:229,5,1,6
BRDA:307,6,0,8
BRDA:307,6,1,4
BRF:19
BRH:16
end_of_record
TN:
SF:algorithms/treinoGenerator.js
FN:5,(anonymous_0)
FN:12,(anonymous_1)
FN:25,(anonymous_2)
FN:38,(anonymous_3)
FN:73,(anonymous_4)
FN:113,(anonymous_5)
FN:118,(anonymous_6)
FN:136,(anonymous_7)
FN:158,(anonymous_8)
FN:161,(anonymous_9)
FN:163,(anonymous_10)
FN:179,(anonymous_11)
FN:222,(anonymous_12)
FN:231,(anonymous_13)
FN:250,(anonymous_14)
FN:269,(anonymous_15)
FNF:16
FNH:16
FNDA:34,(anonymous_0)
FNDA:34,(anonymous_1)
FNDA:34,(anonymous_2)
FNDA:60,(anonymous_3)
FNDA:60,(anonymous_4)
FNDA:57,(anonymous_5)
FNDA:241,(anonymous_6)
FNDA:241,(anonymous_7)
FNDA:10,(anonymous_8)
FNDA:20,(anonymous_9)
FNDA:30,(anonymous_10)
FNDA:241,(anonymous_11)
FNDA:60,(anonymous_12)
FNDA:60,(anonymous_13)
FNDA:241,(anonymous_14)
FNDA:5,(anonymous_15)
DA:1,1
DA:6,34
DA:7,34
DA:8,34
DA:13,34
DA:15,34
DA:16,9
DA:17,25
DA:18,19
DA:20,6
DA:26,34
DA:28,34
DA:29,9
DA:30,25
DA:31,19
DA:33,6
DA:39,60
DA:42,60
DA:43,60
DA:45,60
DA:46,3
DA:54,57
DA:55,57
DA:57,57
DA:69,57
DA:74,60
DA:76,60
DA:78,13
DA:87,47
DA:89,38
DA:98,9
DA:100,9
DA:114,57
DA:115,57
DA:118,57
DA:119,241
DA:120,241
DA:121,241
DA:122,241
DA:127,57
DA:128,10
DA:129,10
DA:132,57
DA:137,241
DA:138,241
DA:140,241
DA:159,10
DA:161,10
DA:162,20
DA:163,20
DA:164,30
DA:168,20
DA:169,0
DA:170,0
DA:171,0
DA:175,10
DA:180,241
DA:181,241
DA:183,241
DA:184,30
DA:190,211
DA:191,147
DA:193,40
DA:194,40
DA:196,89
DA:197,89
DA:199,18
DA:200,18
DA:204,64
DA:206,0
DA:207,0
DA:209,51
DA:210,51
DA:212,13
DA:213,13
DA:217,211
DA:218,211
DA:223,60
DA:224,60
DA:225,60
DA:227,60
DA:232,60
DA:238,60
DA:239,11
DA:240,11
DA:241,49
DA:242,10
DA:243,10
DA:246,60
DA:251,241
DA:253,241
DA:254,164
DA:257,241
DA:258,0
DA:261,241
DA:262,30
DA:265,241
DA:270,5
DA:281,5
DA:282,35
DA:283,35
DA:286,5
DA:290,1
LF:103
LH:97
BRDA:15,0,0,9
BRDA:15,0,1,25
BRDA:15,1,0,34
BRDA:15,1,1,28
BRDA:17,2,0,19
BRDA:17,2,1,6
BRDA:17,3,0,25
BRDA:17,3,1,6
BRDA:28,4,0,9
BRDA:28,4,1,25
BRDA:28,5,0,34
BRDA:28,5,1,25
BRDA:30,6,0,19
BRDA:30,6,1,6
BRDA:38,7,0,0
BRDA:39,8,0,60
BRDA:39,8,1,8
BRDA:45,9,0,3
BRDA:45,9,1,57
BRDA:76,10,0,13
BRDA:76,10,1,47
BRDA:87,11,0,38
BRDA:87,11,1,9
BRDA:98,12,0,9
BRDA:98,12,1,0
BRDA:119,13,0,241
BRDA:119,13,1,0
BRDA:127,14,0,10
BRDA:127,14,1,47
BRDA:127,15,0,57
BRDA:127,15,1,10
BRDA:132,16,0,10
BRDA:132,16,1,47
BRDA:164,17,0,30
BRDA:164,17,1,0
BRDA:168,18,0,0
BRDA:168,18,1,20
BRDA:168,19,0,20
BRDA:168,19,1,0
BRDA:183,20,0,30
BRDA:183,20,1,211
BRDA:190,21,0,147
BRDA:190,21,1,64
BRDA:191,22,0,40
BRDA:191,22,1,89
BRDA:191,22,2,18
BRDA:193,23,0,10
BRDA:193,23,1,30
BRDA:196,24,0,26
BRDA:196,24,1,63
BRDA:199,25,0,6
BRDA:199,25,1,12
BRDA:204,26,0,0
BRDA:204,26,1,51
BRDA:204,26,2,13
BRDA:238,27,0,11
BRDA:238,27,1,49
BRDA:241,28,0,10
BRDA:241,28,1,39
BRDA:253,29,0,164
BRDA:253,29,1,77
BRDA:257,30,0,0
BRDA:257,30,1,241
BRDA:261,31,0,30
BRDA:261,31,1,211
BRF:65
BRH:57
end_of_record
TN:
SF:data/alimentos.js
FN:307,(anonymous_0)
FN:326,(anonymous_1)
FN:327,(anonymous_2)
FNF:3
FNH:3
FNDA:162,(anonymous_0)
FNDA:15,(anonymous_1)
FNDA:390,(anonymous_2)
DA:4,2
DA:307,2
DA:308,162
DA:309,162
DA:311,161
DA:313,161
DA:326,2
DA:327,390
DA:330,2
LF:9
LH:9
BRDA:309,0,0,1
BRDA:309,0,1,161
BRF:2
BRH:2
end_of_record
TN:
SF:data/exercicios.js
FN:272,(anonymous_0)
FN:273,(anonymous_1)
FN:277,(anonymous_2)
FN:278,(anonymous_3)
FN:282,(anonymous_4)
FN:283,(anonymous_5)
FNF:6
FNH:6
FNDA:34,(anonymous_0)
FNDA:476,(anonymous_1)
FNDA:5,(anonymous_2)
FNDA:70,(anonymous_3)
FNDA:4,(anonymous_4)
FNDA:56,(anonymous_5)
DA:3,2
DA:272,2
DA:273,476
DA:277,2
DA:278,70
DA:282,2
DA:283,56
DA:287,2
DA:346,2
LF:9
LH:9
BRF:0
BRH:0
end_of_record
